<?xml version="1.0" encoding="UTF-8"?>
<!-- Generated by org.testng.reporters.JUnitReportReporter -->
<testsuite hostname="Puppis-MBP.fritz.box" failures="0" tests="1" name="helloworld.TestHelloWorld" time="0.004" errors="0" timestamp="2021-12-06T21:18:01 MEZ" skipped="0">
  <testcase classname="helloworld.TestHelloWorld" name="testHelloWorld" time="0.004"/>
  <system-out/>
</testsuite> <!-- helloworld.TestHelloWorld -->
